e:\课程资料\cs类\编译原理和技术\formulaprinter\debug\vc140.pdb
e:\课程资料\cs类\编译原理和技术\formulaprinter\debug\vc140.idb
e:\课程资料\cs类\编译原理和技术\formulaprinter\debug\main.obj
e:\课程资料\cs类\编译原理和技术\formulaprinter\debug\token_flow.obj
e:\课程资料\cs类\编译原理和技术\formulaprinter 1.2\debug\vc140.pdb
e:\课程资料\cs类\编译原理和技术\formulaprinter 1.2\debug\vc140.idb
e:\课程资料\cs类\编译原理和技术\formulaprinter 1.2\debug\main.obj
e:\课程资料\cs类\编译原理和技术\formulaprinter 1.2\debug\token_flow.obj
e:\课程资料\cs类\编译原理和技术\formulaprinter 1.3\debug\vc140.pdb
e:\课程资料\cs类\编译原理和技术\formulaprinter 1.3\debug\vc140.idb
e:\课程资料\cs类\编译原理和技术\formulaprinter 1.3\debug\main.obj
e:\课程资料\cs类\编译原理和技术\formulaprinter 1.3\debug\token_flow.obj
e:\课程资料\cs类\编译原理和技术\formulaprinter 2.1\debug\vc140.pdb
e:\课程资料\cs类\编译原理和技术\formulaprinter 2.1\debug\vc140.idb
e:\课程资料\cs类\编译原理和技术\formulaprinter 2.1\debug\main.obj
e:\课程资料\cs类\编译原理和技术\formulaprinter 2.1\debug\production.obj
e:\课程资料\cs类\编译原理和技术\formulaprinter 2.1\debug\token_flow.obj
e:\课程资料\cs类\编译原理和技术\formulaprinter 2.3\debug\vc140.pdb
e:\课程资料\cs类\编译原理和技术\formulaprinter 2.3\debug\vc140.idb
e:\课程资料\cs类\编译原理和技术\formulaprinter 2.3\debug\production.obj
e:\课程资料\cs类\编译原理和技术\formulaprinter 2.3\debug\token_flow.obj
e:\课程资料\cs类\编译原理和技术\formulaprinter 2.3\debug\main.obj
e:\课程资料\cs类\编译原理和技术\formulaprinter 2.3\debug\formula_printer.obj
e:\课程资料\cs类\编译原理和技术\formulaprinter 3.0\debug\vc140.pdb
e:\课程资料\cs类\编译原理和技术\formulaprinter 3.0\debug\vc140.idb
e:\课程资料\cs类\编译原理和技术\formulaprinter 3.0\debug\token_flow.obj
e:\课程资料\cs类\编译原理和技术\formulaprinter 3.0\debug\production.obj
e:\课程资料\cs类\编译原理和技术\formulaprinter 3.0\debug\main.obj
e:\课程资料\cs类\编译原理和技术\formulaprinter 3.0\debug\formula_printer.obj
e:\课程资料\cs类\编译原理和技术\formulaprinter 3.1\debug\vc140.pdb
e:\课程资料\cs类\编译原理和技术\formulaprinter 3.1\debug\vc140.idb
e:\课程资料\cs类\编译原理和技术\formulaprinter 3.1\debug\formula_printer.obj
e:\课程资料\cs类\编译原理和技术\formulaprinter 3.1\debug\main.obj
e:\课程资料\cs类\编译原理和技术\formulaprinter 3.1\debug\production.obj
e:\课程资料\cs类\编译原理和技术\formulaprinter 3.1\debug\token_flow.obj
e:\课程资料\cs类\编译原理和技术\formulaprinter 3.2\debug\vc140.pdb
e:\课程资料\cs类\编译原理和技术\formulaprinter 3.2\debug\vc140.idb
e:\课程资料\cs类\编译原理和技术\formulaprinter 3.2\debug\formula_printer.obj
e:\课程资料\cs类\编译原理和技术\formulaprinter 3.2\debug\main.obj
e:\课程资料\cs类\编译原理和技术\formulaprinter 3.2\debug\production.obj
e:\课程资料\cs类\编译原理和技术\formulaprinter 3.2\debug\token_flow.obj
e:\课程资料\cs类\编译原理和技术\formulaprinter\debug\formulaprinter.ilk
e:\课程资料\cs类\编译原理和技术\formulaprinter\debug\formulaprinter.exe
e:\课程资料\cs类\编译原理和技术\formulaprinter\debug\formulaprinter.pdb
e:\课程资料\cs类\编译原理和技术\formulaprinter 1.2\debug\formulaprinter.ilk
e:\课程资料\cs类\编译原理和技术\formulaprinter 1.2\debug\formulaprinter.exe
e:\课程资料\cs类\编译原理和技术\formulaprinter 1.2\debug\formulaprinter.pdb
e:\课程资料\cs类\编译原理和技术\formulaprinter 1.3\debug\formulaprinter.ilk
e:\课程资料\cs类\编译原理和技术\formulaprinter 1.3\debug\formulaprinter.exe
e:\课程资料\cs类\编译原理和技术\formulaprinter 1.3\debug\formulaprinter.pdb
e:\课程资料\cs类\编译原理和技术\formulaprinter 2.1\debug\formulaprinter.ilk
e:\课程资料\cs类\编译原理和技术\formulaprinter 2.1\debug\formulaprinter.exe
e:\课程资料\cs类\编译原理和技术\formulaprinter 2.1\debug\formulaprinter.pdb
e:\课程资料\cs类\编译原理和技术\formulaprinter 2.3\debug\formulaprinter.ilk
e:\课程资料\cs类\编译原理和技术\formulaprinter 2.3\debug\formulaprinter.exe
e:\课程资料\cs类\编译原理和技术\formulaprinter 2.3\debug\formulaprinter.pdb
e:\课程资料\cs类\编译原理和技术\formulaprinter 3.0\debug\formulaprinter.ilk
e:\课程资料\cs类\编译原理和技术\formulaprinter 3.0\debug\formulaprinter.exe
e:\课程资料\cs类\编译原理和技术\formulaprinter 3.0\debug\formulaprinter.pdb
e:\课程资料\cs类\编译原理和技术\formulaprinter 3.2\debug\formulaprinter.ilk
e:\课程资料\cs类\编译原理和技术\formulaprinter 3.2\debug\formulaprinter.pdb
e:\课程资料\cs类\编译原理和技术\formulaprinter 3.2\debug\formulaprinter.exe
e:\课程资料\cs类\编译原理和技术\formulaprinter 3.2\debug\formulaprinter.tlog\cl.command.1.tlog
e:\课程资料\cs类\编译原理和技术\formulaprinter 3.2\debug\formulaprinter.tlog\cl.read.1.tlog
e:\课程资料\cs类\编译原理和技术\formulaprinter 3.2\debug\formulaprinter.tlog\cl.write.1.tlog
e:\课程资料\cs类\编译原理和技术\formulaprinter 3.2\debug\formulaprinter.tlog\link.command.1.tlog
e:\课程资料\cs类\编译原理和技术\formulaprinter 3.2\debug\formulaprinter.tlog\link.read.1.tlog
e:\课程资料\cs类\编译原理和技术\formulaprinter 3.2\debug\formulaprinter.tlog\link.write.1.tlog
